<?xml version="1.0" encoding="UTF-8"?>
<testsuite name="FillFormTests" tests="1" skipped="0" failures="0" errors="0" timestamp="2021-03-17T15:43:07" hostname="DESKTOP-I1AOGEB" time="5.503">
  <properties/>
  <testcase name="selenideFillFormTest()" classname="FillFormTests" time="5.503"/>
  <system-out><![CDATA[success
]]></system-out>
  <system-err><![CDATA[SLF4J: Failed to load class "org.slf4j.impl.StaticLoggerBinder".
SLF4J: Defaulting to no-operation (NOP) logger implementation
SLF4J: See http://www.slf4j.org/codes.html#StaticLoggerBinder for further details.
Starting ChromeDriver 89.0.4389.23 (61b08ee2c50024bab004e48d2b1b083cdbdac579-refs/branch-heads/4389@{#294}) on port 2562
Only local connections are allowed.
Please see https://chromedriver.chromium.org/security-considerations for suggestions on keeping ChromeDriver safe.
ChromeDriver was started successfully.
мар. 17, 2021 6:43:08 PM org.openqa.selenium.remote.ProtocolHandshake createSession
INFO: Detected dialect: W3C
]]></system-err>
</testsuite>
